# JRE version: Java(TM) SE Runtime Environment (17.0.12+8) (build 17.0.12+8-LTS-286)
# Java VM: Java HotSpot(TM) 64-Bit Server VM (17.0.12+8-LTS-286, mixed mode, sharing, tiered, compressed oops, compressed class ptrs, g1 gc, windows-amd64)
GC Precious Log:
 CPUs: 8 total, 8 available
 Memory: 7871M
 Large Page Support: Disabled
 NUMA Support: Disabled
 Compressed Oops: Enabled (Zero based)
 Heap Region Size: 2M
 Heap Min Capacity: 8M
 Heap Initial Capacity: 124M
 Heap Max Capacity: 3G
 Pre-touch: Disabled
 Parallel Workers: 8
 Concurrent Workers: 2
 Concurrent Refinement Workers: 8
 Periodic GC: Disabled
Heap:
 garbage-first heap   total 370688K, used 88495K [0x0000000740000000, 0x0000000800000000)
  region size 2048K, 1 young (2048K), 1 survivors (2048K)
 Metaspace       used 67649K, committed 68288K, reserved 1114112K
  class space    used 9429K, committed 9728K, reserved 1048576K
GC Heap History (20 events):
Event: 9.007 GC heap after
{Heap after GC invocations=26 (full 0):
 garbage-first heap   total 169984K, used 55383K [0x0000000740000000, 0x0000000800000000)
  region size 2048K, 2 young (4096K), 2 survivors (4096K)
 Metaspace       used 61285K, committed 61824K, reserved 1114112K
  class space    used 8503K, committed 8768K, reserved 1048576K
}
Event: 9.552 GC heap before
{Heap before GC invocations=26 (full 0):
 garbage-first heap   total 169984K, used 106583K [0x0000000740000000, 0x0000000800000000)
  region size 2048K, 21 young (43008K), 2 survivors (4096K)
 Metaspace       used 64201K, committed 64832K, reserved 1114112K
  class space    used 8983K, committed 9280K, reserved 1048576K
}
Event: 9.557 GC heap after
{Heap after GC invocations=27 (full 0):
 garbage-first heap   total 169984K, used 57785K [0x0000000740000000, 0x0000000800000000)
  region size 2048K, 3 young (6144K), 3 survivors (6144K)
 Metaspace       used 64201K, committed 64832K, reserved 1114112K
  class space    used 8983K, committed 9280K, reserved 1048576K
}
Event: 9.638 GC heap before
{Heap before GC invocations=27 (full 0):
 garbage-first heap   total 169984K, used 80313K [0x0000000740000000, 0x0000000800000000)
  region size 2048K, 4 young (8192K), 3 survivors (6144K)
 Metaspace       used 64214K, committed 64832K, reserved 1114112K
  class space    used 8983K, committed 9280K, reserved 1048576K
}
Event: 9.643 GC heap after
{Heap after GC invocations=28 (full 0):
 garbage-first heap   total 169984K, used 71338K [0x0000000740000000, 0x0000000800000000)
  region size 2048K, 4 young (8192K), 4 survivors (8192K)
 Metaspace       used 64214K, committed 64832K, reserved 1114112K
  class space    used 8983K, committed 9280K, reserved 1048576K
}
Event: 9.791 GC heap before
{Heap before GC invocations=28 (full 0):
 garbage-first heap   total 169984K, used 122538K [0x0000000740000000, 0x0000000800000000)
  region size 2048K, 26 young (53248K), 4 survivors (8192K)
 Metaspace       used 64336K, committed 64960K, reserved 1114112K
  class space    used 8994K, committed 9280K, reserved 1048576K
}
Event: 9.851 GC heap after
{Heap after GC invocations=29 (full 0):
 garbage-first heap   total 370688K, used 97760K [0x0000000740000000, 0x0000000800000000)
  region size 2048K, 4 young (8192K), 4 survivors (8192K)
 Metaspace       used 64336K, committed 64960K, reserved 1114112K
  class space    used 8994K, committed 9280K, reserved 1048576K
}
Event: 10.204 GC heap before
{Heap before GC invocations=29 (full 0):
 garbage-first heap   total 370688K, used 206304K [0x0000000740000000, 0x0000000800000000)
  region size 2048K, 57 young (116736K), 4 survivors (8192K)
 Metaspace       used 64343K, committed 64960K, reserved 1114112K
  class space    used 8994K, committed 9280K, reserved 1048576K
}
Event: 10.258 GC heap after
{Heap after GC invocations=30 (full 0):
 garbage-first heap   total 370688K, used 167873K [0x0000000740000000, 0x0000000800000000)
  region size 2048K, 8 young (16384K), 8 survivors (16384K)
 Metaspace       used 64343K, committed 64960K, reserved 1114112K
  class space    used 8994K, committed 9280K, reserved 1048576K
}
Event: 10.492 GC heap before
{Heap before GC invocations=30 (full 0):
 garbage-first heap   total 370688K, used 237505K [0x0000000740000000, 0x0000000800000000)
  region size 2048K, 37 young (75776K), 8 survivors (16384K)
 Metaspace       used 64459K, committed 65088K, reserved 1114112K
  class space    used 9005K, committed 9280K, reserved 1048576K
}
Event: 10.570 GC heap after
{Heap after GC invocations=31 (full 0):
 garbage-first heap   total 370688K, used 200103K [0x0000000740000000, 0x0000000800000000)
  region size 2048K, 6 young (12288K), 6 survivors (12288K)
 Metaspace       used 64459K, committed 65088K, reserved 1114112K
  class space    used 9005K, committed 9280K, reserved 1048576K
}
Event: 15.027 GC heap before
{Heap before GC invocations=32 (full 0):
 garbage-first heap   total 370688K, used 259495K [0x0000000740000000, 0x0000000800000000)
  region size 2048K, 32 young (65536K), 6 survivors (12288K)
 Metaspace       used 67508K, committed 68160K, reserved 1114112K
  class space    used 9428K, committed 9728K, reserved 1048576K
}
Event: 15.100 GC heap after
{Heap after GC invocations=33 (full 0):
 garbage-first heap   total 370688K, used 199990K [0x0000000740000000, 0x0000000800000000)
  region size 2048K, 3 young (6144K), 3 survivors (6144K)
 Metaspace       used 67508K, committed 68160K, reserved 1114112K
  class space    used 9428K, committed 9728K, reserved 1048576K
}
Event: 15.137 GC heap before
{Heap before GC invocations=33 (full 0):
 garbage-first heap   total 370688K, used 212278K [0x0000000740000000, 0x0000000800000000)
  region size 2048K, 9 young (18432K), 3 survivors (6144K)
 Metaspace       used 67558K, committed 68160K, reserved 1114112K
  class space    used 9429K, committed 9728K, reserved 1048576K
}
Event: 15.144 GC heap after
{Heap after GC invocations=34 (full 0):
 garbage-first heap   total 370688K, used 200566K [0x0000000740000000, 0x0000000800000000)
  region size 2048K, 1 young (2048K), 1 survivors (2048K)
 Metaspace       used 67558K, committed 68160K, reserved 1114112K
  class space    used 9429K, committed 9728K, reserved 1048576K
}
Event: 15.275 GC heap before
{Heap before GC invocations=34 (full 0):
 garbage-first heap   total 370688K, used 259958K [0x0000000740000000, 0x0000000800000000)
  region size 2048K, 30 young (61440K), 1 survivors (2048K)
 Metaspace       used 67636K, committed 68288K, reserved 1114112K
  class space    used 9429K, committed 9728K, reserved 1048576K
}
Event: 15.280 GC heap after
{Heap after GC invocations=35 (full 0):
 garbage-first heap   total 370688K, used 205448K [0x0000000740000000, 0x0000000800000000)
  region size 2048K, 4 young (8192K), 4 survivors (8192K)
 Metaspace       used 67636K, committed 68288K, reserved 1114112K
  class space    used 9429K, committed 9728K, reserved 1048576K
}
Event: 15.431 GC heap before
{Heap before GC invocations=36 (full 0):
 garbage-first heap   total 370688K, used 154248K [0x0000000740000000, 0x0000000800000000)
  region size 2048K, 34 young (69632K), 4 survivors (8192K)
 Metaspace       used 67649K, committed 68288K, reserved 1114112K
  class space    used 9429K, committed 9728K, reserved 1048576K
}
Event: 15.443 GC heap after
{Heap after GC invocations=37 (full 0):
 garbage-first heap   total 370688K, used 97225K [0x0000000740000000, 0x0000000800000000)
  region size 2048K, 3 young (6144K), 3 survivors (6144K)
 Metaspace       used 67649K, committed 68288K, reserved 1114112K
  class space    used 9429K, committed 9728K, reserved 1048576K
}
Event: 15.482 GC heap before
{Heap before GC invocations=37 (full 0):
 garbage-first heap   total 370688K, used 109513K [0x0000000740000000, 0x0000000800000000)
  region size 2048K, 9 young (18432K), 3 survivors (6144K)
 Metaspace       used 67649K, committed 68288K, reserved 1114112K
  class space    used 9429K, committed 9728K, reserved 1048576K
}

